2025-11-18 12:43:28 [INFO] === Security Scan Orchestrator Started ===
2025-11-18 12:43:28 [INFO] Target Directory: C:\Users\ronni\OneDrive\Desktop\Projects\SRTM-tool
2025-11-18 12:43:28 [INFO] Scan Type: full
2025-11-18 12:43:28 [INFO] Parallel Execution: False
2025-11-18 12:43:28 [INFO] Exported TARGET_DIR=C:\Users\ronni\OneDrive\Desktop\Projects\SRTM-tool
2025-11-18 12:43:28 [INFO] Checking Docker daemon status
2025-11-18 12:43:28 [INFO] Docker version: Docker version 28.4.0, build d8eb465
2025-11-18 12:43:28 [INFO] Docker daemon is running
2025-11-18 12:43:29 [INFO] Directory size: 622.77 MB, Files: 34441
2025-11-18 12:43:29 [INFO] Node.js project detected: srtm-tool
2025-11-18 12:43:29 [INFO] Docker project detected
2025-11-18 12:43:29 [INFO] Git repository detected
2025-11-18 12:43:29 [INFO] Starting full scan
2025-11-18 12:43:29 [INFO] Starting scan: SonarQube Analysis
2025-11-18 12:43:29 [INFO] Script validated: C:\Users\ronni\OneDrive\Desktop\Projects\comprehensive-security-architecture\scripts\powershell\run-sonar-analysis.ps1
2025-11-18 12:43:29 [ERROR] SonarQube Analysis failed: At C:\Users\ronni\OneDrive\Desktop\Projects\comprehensive-security-architecture\scripts\powershell\run-sonar-analysis.ps1:35 char:1
+ )
+ ~
Unexpected token ')' in expression or statement.
2025-11-18 12:43:29 [INFO] Starting scan: TruffleHog Filesystem
2025-11-18 12:43:29 [INFO] Script validated: C:\Users\ronni\OneDrive\Desktop\Projects\comprehensive-security-architecture\scripts\powershell\run-trufflehog-scan.ps1
